{
  "RSpec": {
    "coverage": {
      "/Users/Student/Desktop/projects/makersAirBnB/spec/AirBnB_spec.rb": [
        1,
        null,
        1,
        1,
        1,
        null,
        null,
        1,
        1,
        null,
        null,
        1,
        null,
        1,
        1,
        1,
        1,
        1,
        1,
        null,
        null
      ],
      "/Users/Student/Desktop/projects/makersAirBnB/lib/AirBnB.rb": [
        1,
        1,
        null,
        1,
        null,
        1,
        null,
        1,
        8,
        8,
        8,
        8,
        8,
        8,
        8,
        8,
        null,
        null,
        1,
        null,
        2,
        null,
        2,
        2,
        5,
        null,
        null,
        null,
        1,
        null,
        3,
        null,
        3,
        3,
        null,
        null,
        null,
        1,
        1
      ],
      "/Users/Student/Desktop/projects/makersAirBnB/lib/test_check.rb": [
        1,
        5,
        5,
        null,
        0,
        null,
        null
      ]
    },
    "timestamp": 1572961921
  }
}
